Android/ConnectingRooms/app/build/outputs/logs/manifest-merger-debug-report.txt
-- Merging decision tree log ---
manifest
ADDED from src/main/AndroidManifest.xml:2:1-24:12
	package
		ADDED from src/main/AndroidManifest.xml:3:11-41
		INJECTED from src/main/AndroidManifest.xml
		INJECTED from src/main/AndroidManifest.xml
	android:versionName
		INJECTED from src/main/AndroidManifest.xml
		INJECTED from src/main/AndroidManifest.xml
	xmlns:android
		ADDED from src/main/AndroidManifest.xml:2:11-69
	android:versionCode
		INJECTED from src/main/AndroidManifest.xml
		INJECTED from src/main/AndroidManifest.xml
uses-permission#android.permission.BLUETOOTH
ADDED from src/main/AndroidManifest.xml:4:1-63
	android:name
		ADDED from src/main/AndroidManifest.xml:4:18-61
uses-permission#android.permission.BLUETOOTH_ADMIN
ADDED from src/main/AndroidManifest.xml:5:2-70
	android:name
		ADDED from src/main/AndroidManifest.xml:5:19-68
application
ADDED from src/main/AndroidManifest.xml:6:2-22:16
MERGED from [com.android.support:appcompat-v7:23.1.1] AndroidManifest.xml:22:5-20
MERGED from [com.google.android.gms:play-services-appindexing:8.1.0] AndroidManifest.xml:19:5-20
MERGED from [com.google.android.gms:play-services-basement:8.1.0] AndroidManifest.xml:20:5-24:19
MERGED from [com.android.support:support-v4:23.1.1] AndroidManifest.xml:22:5-20
	android:label
		ADDED from src/main/AndroidManifest.xml:9:4-36
	android:supportsRtl
		ADDED from src/main/AndroidManifest.xml:10:4-30
	android:allowBackup
		ADDED from src/main/AndroidManifest.xml:7:4-30
	android:icon
		ADDED from src/main/AndroidManifest.xml:8:4-38
	android:theme
		ADDED from src/main/AndroidManifest.xml:11:4-35
activity#com.hishri.fnarduino.MyActivity
ADDED from src/main/AndroidManifest.xml:12:3-18:14
	android:name
		ADDED from src/main/AndroidManifest.xml:12:13-39
intent-filter#android.intent.action.MAIN+android.intent.category.LAUNCHER
ADDED from src/main/AndroidManifest.xml:13:4-17:20
action#android.intent.action.MAIN
ADDED from src/main/AndroidManifest.xml:14:5-56
	android:name
		ADDED from src/main/AndroidManifest.xml:14:13-54
category#android.intent.category.LAUNCHER
ADDED from src/main/AndroidManifest.xml:16:5-64
	android:name
		ADDED from src/main/AndroidManifest.xml:16:15-62
meta-data#com.google.android.gms.version
ADDED from src/main/AndroidManifest.xml:21:3-115
MERGED from [com.google.android.gms:play-services-basement:8.1.0] AndroidManifest.xml:21:9-23:69
	android:value
		ADDED from src/main/AndroidManifest.xml:21:60-113
	android:name
		ADDED from src/main/AndroidManifest.xml:21:14-59
uses-sdk
INJECTED from src/main/AndroidManifest.xml reason: use-sdk injection requested
MERGED from [com.android.support:appcompat-v7:23.1.1] AndroidManifest.xml:20:5-43
MERGED from [com.google.android.gms:play-services-appindexing:8.1.0] AndroidManifest.xml:18:5-42
MERGED from [com.google.android.gms:play-services-basement:8.1.0] AndroidManifest.xml:18:5-42
MERGED from [com.android.support:support-v4:23.1.1] AndroidManifest.xml:20:5-43
	android:targetSdkVersion
		INJECTED from src/main/AndroidManifest.xml
		INJECTED from src/main/AndroidManifest.xml
	android:minSdkVersion
		INJECTED from src/main/AndroidManifest.xml
		INJECTED from src/main/AndroidManifest.xml